[2026-03-05T04:46:40.428Z] [dotenv@17.3.1] injecting env (0) from .env [2m-- tip: рҹӣЎпёҸ auth for agents: https://vestauth.com[0m
[2026-03-05T04:46:40.430Z] [dotenv@17.3.1] injecting env (0) from .env [2m-- tip: рҹӨ– agentic secret storage: https://dotenvx.com/as2[0m
[2026-03-05T04:46:40.432Z] [dotenv@17.3.1] injecting env (0) from .env [2m-- tip: рҹӣ пёҸ  run anywhere with `dotenvx run -- yourcommand`[0m
[2026-03-05T04:46:40.434Z] рҹ“Ғ Frontend path: C:\Users\Use\Desktop\Dashboardss\frontend\dist
[2026-03-05T04:46:40.444Z] рҹҡҖ Server running on port 5000
[2026-03-05T04:46:40.444Z] рҹ“қ Environment: development
[2026-03-05T04:46:40.445Z] рҹ”— Health check: http://localhost:5000/health
[2026-03-05T04:46:40.446Z] рҹ“Ғ Uploads directory: C:\Users\Use\Desktop\Dashboardss\backend\uploads
[2026-03-05T04:46:40.446Z] вҳҒпёҸ Cloudinary: Not configured
[2026-03-05T04:46:40.450Z] вҡ пёҸ MongoDB disconnected
[2026-03-05T04:46:45.476Z] вҡ пёҸ MongoDB disconnected
[2026-03-05T04:46:50.527Z] вҡ пёҸ MongoDB disconnected
[2026-03-05T04:46:55.550Z] вҡ пёҸ MongoDB disconnected
[2026-03-05T04:47:00.576Z] вҡ пёҸ MongoDB disconnected
[2026-03-05T04:48:27.738Z] рҹ‘Ӣ SIGINT received, shutting down gracefully
[2026-03-05T04:48:33.997Z] вң… Cloudinary configured successfully
[2026-03-05T04:48:34.321Z] [dotenv@17.3.1] injecting env (0) from .env [2m-- tip: рҹ”җ encrypt with Dotenvx: https://dotenvx.com[0m
[2026-03-05T04:48:34.323Z] [dotenv@17.3.1] injecting env (0) from .env [2m-- tip: вҡҷпёҸ  specify custom .env file path with { path: '/custom/path/.env' }[0m
[2026-03-05T04:48:34.325Z] [dotenv@17.3.1] injecting env (0) from .env [2m-- tip: рҹ”җ prevent committing .env to code: https://dotenvx.com/precommit[0m
[2026-03-05T04:48:34.327Z] рҹ“Ғ Frontend path: C:\Users\Use\Desktop\Dashboardss\frontend\dist
[2026-03-05T04:48:34.336Z] рҹҡҖ Server running on port 5000
[2026-03-05T04:48:34.337Z] рҹ“қ Environment: development
[2026-03-05T04:48:34.337Z] рҹ”— Health check: http://localhost:5000/health
[2026-03-05T04:48:34.338Z] рҹ“Ғ Uploads directory: C:\Users\Use\Desktop\Dashboardss\backend\uploads
[2026-03-05T04:48:34.338Z] вҳҒпёҸ Cloudinary: Configured
[2026-03-05T04:48:35.002Z] вң… MongoDB Connected Successfully
[2026-03-05T05:17:32.825Z] рҹ”Қ Searching for user with email: roy639300@gmail.com
[2026-03-05T05:17:32.873Z] рҹ‘Ө User found: Yes
[2026-03-05T05:17:32.874Z] рҹ”ў Generated OTP for user: roy639300@gmail.com
[2026-03-05T05:17:33.020Z] рҹ’ҫ OTP saved for user: roy639300@gmail.com
[2026-03-05T05:17:36.790Z] рҹ“§ Email preview URL: false
[2026-03-05T05:17:36.791Z] вң… OTP email sent successfully to: roy639300@gmail.com
[2026-03-05T05:18:30.538Z] === рҹ”җ RESET PASSWORD REQUEST ===
[2026-03-05T05:18:30.542Z] вң… Token verified for user ID: 69a7a89842a13b4bf3e0a2fe
[2026-03-05T05:18:30.776Z] вң… Password reset successful for user: roy639300@gmail.com
[2026-03-05T05:18:34.404Z] рҹ“§ Success email preview URL: false
[2026-03-05T05:18:34.405Z] вң… Password reset success email sent to: roy639300@gmail.com
[2026-03-05T05:19:19.031Z] рҹ”җ Login request received: {
  "password": "Gopal@123",
  "email": "roy639300@gmail.com"
}
[2026-03-05T05:19:19.031Z] рҹ”Қ Login query: {"email":"roy639300@gmail.com"}
[2026-03-05T05:20:08.134Z] вң… Old avatar deleted from Cloudinary
[2026-03-05T05:48:19.925Z] рҹ”җ Login request received: {
  "password": "Gopal@12",
  "email": "roy639300@gmail.com"
}
[2026-03-05T05:48:19.926Z] рҹ”Қ Login query: {"email":"roy639300@gmail.com"}
[2026-03-05T05:48:30.249Z] рҹ”җ Login request received: {
  "password": "Gopal@123",
  "email": "roy639300@gmail.com"
}
[2026-03-05T05:48:30.249Z] рҹ”Қ Login query: {"email":"roy639300@gmail.com"}
[2026-03-05T06:56:48.032Z] рҹ”җ Login request received: {
  "password": "Gopal@123",
  "email": "roy639300@gmail.com"
}
[2026-03-05T06:56:48.033Z] рҹ”Қ Login query: {"email":"roy639300@gmail.com"}
[2026-03-05T10:10:35.511Z] вҡ пёҸ MongoDB disconnected
[2026-03-05T10:10:35.834Z] вң… MongoDB reconnected
[2026-03-06T04:34:08.951Z] вң… Cloudinary configured successfully
[2026-03-06T04:34:09.634Z] [dotenv@17.3.1] injecting env (0) from .env [2m-- tip: вҡҷпёҸ  enable debug logging with { debug: true }[0m
[2026-03-06T04:34:09.636Z] [dotenv@17.3.1] injecting env (0) from .env [2m-- tip: вҡҷпёҸ  enable debug logging with { debug: true }[0m
[2026-03-06T04:34:09.638Z] [dotenv@17.3.1] injecting env (0) from .env [2m-- tip: вҡҷпёҸ  enable debug logging with { debug: true }[0m
[2026-03-06T04:34:09.641Z] рҹ“Ғ Frontend path: C:\Users\Use\Desktop\Dashboardss\frontend\dist
[2026-03-06T04:34:09.652Z] рҹҡҖ Server running on port 5000
[2026-03-06T04:34:09.652Z] рҹ“қ Environment: development
[2026-03-06T04:34:09.653Z] рҹ”— Health check: http://localhost:5000/health
[2026-03-06T04:34:09.653Z] рҹ“Ғ Uploads directory: C:\Users\Use\Desktop\Dashboardss\backend\uploads
[2026-03-06T04:34:09.654Z] вҳҒпёҸ Cloudinary: Configured
[2026-03-06T04:34:10.230Z] вң… MongoDB Connected Successfully
[2026-03-06T05:24:53.666Z] вҡ пёҸ MongoDB disconnected
[2026-03-06T05:24:56.828Z] вң… MongoDB reconnected
[2026-03-06T07:08:51.340Z] вң… Cloudinary configured successfully
[2026-03-06T07:08:51.870Z] [dotenv@17.3.1] injecting env (0) from .env [2m-- tip: рҹ”җ prevent building .env in docker: https://dotenvx.com/prebuild[0m
[2026-03-06T07:08:51.871Z] [dotenv@17.3.1] injecting env (0) from .env [2m-- tip: вҡҷпёҸ  suppress all logs with { quiet: true }[0m
[2026-03-06T07:08:51.873Z] [dotenv@17.3.1] injecting env (0) from .env [2m-- tip: вҡҷпёҸ  specify custom .env file path with { path: '/custom/path/.env' }[0m
[2026-03-06T07:08:51.875Z] рҹ“Ғ Frontend path: C:\Users\Use\Desktop\Dashboardss\frontend\dist
[2026-03-06T07:08:51.882Z] рҹҡҖ Server running on port 5000
[2026-03-06T07:08:51.882Z] рҹ“қ Environment: development
[2026-03-06T07:08:51.883Z] рҹ”— Health check: http://localhost:5000/health
[2026-03-06T07:08:51.883Z] рҹ“Ғ Uploads directory: C:\Users\Use\Desktop\Dashboardss\backend\uploads
[2026-03-06T07:08:51.883Z] вҳҒпёҸ Cloudinary: Configured
[2026-03-06T07:08:52.552Z] вң… MongoDB Connected Successfully
[2026-03-06T07:19:05.312Z] рҹ”җ Login request received: {
  "password": "Gopal@12",
  "email": "roy639300@gmail.com"
}
[2026-03-06T07:19:05.313Z] рҹ”Қ Login query: {"email":"roy639300@gmail.com"}
[2026-03-06T07:19:50.132Z] рҹ”җ Login request received: {
  "password": "Gopal@12",
  "email": "roy639300@gmail.com"
}
[2026-03-06T07:19:50.132Z] рҹ”Қ Login query: {"email":"roy639300@gmail.com"}
[2026-03-06T07:20:00.928Z] рҹ”җ Login request received: {
  "password": "Gopal@123",
  "email": "roy639300@gmail.com"
}
[2026-03-06T07:20:00.929Z] рҹ”Қ Login query: {"email":"roy639300@gmail.com"}
[2026-03-06T09:53:06.194Z] вң… Cloudinary configured successfully
[2026-03-06T09:53:06.510Z] [dotenv@17.3.1] injecting env (0) from .env [2m-- tip: рҹӣЎпёҸ auth for agents: https://vestauth.com[0m
[2026-03-06T09:53:06.512Z] [dotenv@17.3.1] injecting env (0) from .env [2m-- tip: вҡҷпёҸ  load multiple .env files with { path: ['.env.local', '.env'] }[0m
[2026-03-06T09:53:06.513Z] [dotenv@17.3.1] injecting env (0) from .env [2m-- tip: вҡҷпёҸ  suppress all logs with { quiet: true }[0m
[2026-03-06T09:53:06.516Z] рҹ“Ғ Frontend path: C:\Users\Use\Desktop\Dashboardss\frontend\dist
[2026-03-06T09:53:06.523Z] рҹҡҖ Server running on port 5000
[2026-03-06T09:53:06.524Z] рҹ“қ Environment: development
[2026-03-06T09:53:06.524Z] рҹ”— Health check: http://localhost:5000/health
[2026-03-06T09:53:06.524Z] рҹ“Ғ Uploads directory: C:\Users\Use\Desktop\Dashboardss\backend\uploads
[2026-03-06T09:53:06.525Z] вҳҒпёҸ Cloudinary: Configured
[2026-03-06T09:53:07.097Z] вң… MongoDB Connected Successfully
[2026-03-06T09:54:03.917Z] рҹ”җ Login request received: {
  "password": "Gopal@123",
  "email": "roy639300@gmail.com"
}
[2026-03-06T09:54:03.918Z] рҹ”Қ Login query: {"email":"roy639300@gmail.com"}
[2026-03-06T10:48:09.826Z] вң… Cloudinary configured successfully
[2026-03-06T10:48:10.176Z] [dotenv@17.3.1] injecting env (0) from .env [2m-- tip: вҡҷпёҸ  enable debug logging with { debug: true }[0m
[2026-03-06T10:48:10.177Z] [dotenv@17.3.1] injecting env (0) from .env [2m-- tip: рҹӣ пёҸ  run anywhere with `dotenvx run -- yourcommand`[0m
[2026-03-06T10:48:10.178Z] [dotenv@17.3.1] injecting env (0) from .env [2m-- tip: вҡҷпёҸ  override existing env vars with { override: true }[0m
[2026-03-06T10:48:10.180Z] рҹ“Ғ Frontend path: C:\Users\Use\Desktop\Dashboardss\frontend\dist
[2026-03-06T10:48:10.189Z] рҹҡҖ Server running on port 5000
[2026-03-06T10:48:10.189Z] рҹ“қ Environment: development
[2026-03-06T10:48:10.189Z] рҹ”— Health check: http://localhost:5000/health
[2026-03-06T10:48:10.190Z] рҹ“Ғ Uploads directory: C:\Users\Use\Desktop\Dashboardss\backend\uploads
[2026-03-06T10:48:10.190Z] вҳҒпёҸ Cloudinary: Configured
[2026-03-06T10:48:10.796Z] вң… MongoDB Connected Successfully
[2026-03-06T11:25:48.801Z] вң… MongoDB reconnected
[2026-03-06T11:25:48.802Z] вң… MongoDB reconnected
[2026-03-06T11:25:50.404Z] вҡ пёҸ MongoDB disconnected
[2026-03-06T11:25:50.496Z] вң… MongoDB reconnected
[2026-03-07T04:41:43.373Z] вң… Cloudinary configured successfully
[2026-03-07T04:41:44.260Z] [dotenv@17.3.1] injecting env (0) from .env [2m-- tip: вҡҷпёҸ  load multiple .env files with { path: ['.env.local', '.env'] }[0m
[2026-03-07T04:41:44.262Z] [dotenv@17.3.1] injecting env (0) from .env [2m-- tip: рҹӣЎпёҸ auth for agents: https://vestauth.com[0m
[2026-03-07T04:41:44.264Z] [dotenv@17.3.1] injecting env (0) from .env [2m-- tip: рҹӣ пёҸ  run anywhere with `dotenvx run -- yourcommand`[0m
[2026-03-07T04:41:44.266Z] рҹ“Ғ Frontend path: C:\Users\Use\Desktop\Dashboardss\frontend\dist
[2026-03-07T04:41:44.275Z] рҹҡҖ Server running on port 5000
[2026-03-07T04:41:44.275Z] рҹ“қ Environment: development
[2026-03-07T04:41:44.276Z] рҹ”— Health check: http://localhost:5000/health
[2026-03-07T04:41:44.276Z] рҹ“Ғ Uploads directory: C:\Users\Use\Desktop\Dashboardss\backend\uploads
[2026-03-07T04:41:44.277Z] вҳҒпёҸ Cloudinary: Configured
[2026-03-07T04:41:44.819Z] вң… MongoDB Connected Successfully
[2026-03-07T05:48:54.942Z] вң… Avatar deleted from Cloudinary
[2026-03-07T08:17:04.267Z] вҡ пёҸ MongoDB disconnected
[2026-03-07T08:17:14.554Z] вң… MongoDB reconnected
[2026-03-07T10:40:33.835Z] вң… MongoDB reconnected
[2026-03-07T10:40:33.840Z] вң… MongoDB reconnected
[2026-03-07T10:40:44.092Z] вҡ пёҸ MongoDB disconnected
[2026-03-07T10:40:44.178Z] вң… MongoDB reconnected
[2026-03-07T10:55:43.942Z] вң… Cloudinary configured successfully
[2026-03-07T10:55:44.703Z] [dotenv@17.3.1] injecting env (0) from .env [2m-- tip: вҡҷпёҸ  enable debug logging with { debug: true }[0m
[2026-03-07T10:55:44.705Z] [dotenv@17.3.1] injecting env (0) from .env [2m-- tip: вҡҷпёҸ  specify custom .env file path with { path: '/custom/path/.env' }[0m
[2026-03-07T10:55:44.708Z] [dotenv@17.3.1] injecting env (0) from .env [2m-- tip: рҹ”җ encrypt with Dotenvx: https://dotenvx.com[0m
[2026-03-07T10:55:44.711Z] рҹ“Ғ Frontend path: C:\Users\Use\Desktop\Dashboardss\frontend\dist
[2026-03-07T10:55:44.711Z] вң… Frontend build found at: C:\Users\Use\Desktop\Dashboardss\frontend\dist
[2026-03-07T10:55:44.722Z] рҹҡҖ Server running on port 5000
[2026-03-07T10:55:44.723Z] рҹ“қ Environment: development
[2026-03-07T10:55:44.723Z] рҹ”— Health check: http://localhost:5000/health
[2026-03-07T10:55:44.724Z] рҹ“Ғ Uploads directory: C:\Users\Use\Desktop\Dashboardss\backend\uploads
[2026-03-07T10:55:44.724Z] вҳҒпёҸ Cloudinary: Configured
[2026-03-07T10:55:45.402Z] вң… MongoDB Connected Successfully
[2026-03-09T04:44:51.111Z] вң… Cloudinary configured successfully
[2026-03-09T04:44:51.684Z] [dotenv@17.3.1] injecting env (0) from .env [2m-- tip: вҡҷпёҸ  override existing env vars with { override: true }[0m
[2026-03-09T04:44:51.686Z] [dotenv@17.3.1] injecting env (0) from .env [2m-- tip: вҡҷпёҸ  load multiple .env files with { path: ['.env.local', '.env'] }[0m
[2026-03-09T04:44:51.690Z] [dotenv@17.3.1] injecting env (0) from .env [2m-- tip: вҡҷпёҸ  enable debug logging with { debug: true }[0m
[2026-03-09T04:44:51.692Z] рҹ“Ғ Frontend path: C:\Users\Use\Desktop\Dashboardss\frontend\dist
[2026-03-09T04:44:51.700Z] рҹҡҖ Server running on port 5000
[2026-03-09T04:44:51.700Z] рҹ“қ Environment: development
[2026-03-09T04:44:51.700Z] рҹ”— Health check: http://localhost:5000/health
[2026-03-09T04:44:51.701Z] рҹ“Ғ Uploads directory: C:\Users\Use\Desktop\Dashboardss\backend\uploads
[2026-03-09T04:44:51.701Z] вҳҒпёҸ Cloudinary: Configured
[2026-03-09T04:44:52.232Z] вң… MongoDB Connected Successfully
[2026-03-09T05:03:20.185Z] рҹ”җ Login request received: {
  "password": "Gopal@123",
  "email": "collegegopal55@gmail.com"
}
[2026-03-09T05:03:20.186Z] рҹ”Қ Login query: {"email":"collegegopal55@gmail.com"}
[2026-03-09T05:03:29.752Z] рҹ”җ Login request received: {
  "password": "Gopal@123",
  "email": "roy639300@gmail.com"
}
[2026-03-09T05:03:29.753Z] рҹ”Қ Login query: {"email":"roy639300@gmail.com"}
